2025-01-21 15:14:16,660	[INFO]	(gateway.py:56)on_closed	[botpy] 关闭, 返回码: 4009, 返回信息: Session timed out
2025-01-21 15:14:16,667	[INFO]	(gateway.py:134)ws_connect	[botpy] ws关闭, 停止接收消息!
2025-01-21 15:14:21,670	[INFO]	(connection.py:60)multi_run	[botpy] 最大并发连接数: 1, 启动会话数: 1
2025-01-21 15:14:21,671	[INFO]	(client.py:242)bot_connect	[botpy] 会话启动中...
2025-01-21 15:14:21,672	[INFO]	(gateway.py:115)ws_connect	[botpy] 启动中...
2025-01-21 15:14:23,958	[INFO]	(gateway.py:175)ws_resume	[botpy] 重连启动...
2025-01-21 15:14:24,480	[INFO]	(gateway.py:90)on_message	[botpy] 机器人重连成功! 
2025-01-21 15:14:24,481	[INFO]	(gateway.py:223)_send_heart	[botpy] 心跳维持启动...
2025-01-21 15:42:10,053	[INFO]	(client.py:162)_bot_login	[botpy] 登录机器人账号中...
2025-01-21 15:42:10,534	[INFO]	(robot.py:65)update_access_token	[botpy] access_token expires_in 3535
2025-01-21 15:42:11,242	[INFO]	(client.py:181)_bot_init	[botpy] 程序启动...
2025-01-21 15:42:11,242	[INFO]	(connection.py:60)multi_run	[botpy] 最大并发连接数: 1, 启动会话数: 1
2025-01-21 15:42:11,243	[INFO]	(client.py:242)bot_connect	[botpy] 会话启动中...
2025-01-21 15:42:11,243	[INFO]	(gateway.py:115)ws_connect	[botpy] 启动中...
2025-01-21 15:42:11,511	[INFO]	(gateway.py:142)ws_identify	[botpy] 鉴权中...
2025-01-21 15:42:11,647	[INFO]	(gateway.py:85)on_message	[botpy] 机器人「小板凳智能助手-测试中」启动成功！
2025-01-21 15:42:11,647	[INFO]	(gateway.py:223)_send_heart	[botpy] 心跳维持启动...
2025-01-21 15:43:54,543	[INFO]	(client.py:162)_bot_login	[botpy] 登录机器人账号中...
2025-01-21 15:43:54,791	[INFO]	(robot.py:65)update_access_token	[botpy] access_token expires_in 3431
2025-01-21 15:43:55,518	[INFO]	(client.py:181)_bot_init	[botpy] 程序启动...
2025-01-21 15:43:55,520	[INFO]	(connection.py:60)multi_run	[botpy] 最大并发连接数: 1, 启动会话数: 1
2025-01-21 15:43:55,522	[INFO]	(client.py:242)bot_connect	[botpy] 会话启动中...
2025-01-21 15:43:55,523	[INFO]	(gateway.py:115)ws_connect	[botpy] 启动中...
2025-01-21 15:43:55,772	[INFO]	(gateway.py:142)ws_identify	[botpy] 鉴权中...
2025-01-21 15:43:55,866	[INFO]	(gateway.py:85)on_message	[botpy] 机器人「小板凳智能助手-测试中」启动成功！
2025-01-21 15:43:55,866	[INFO]	(gateway.py:223)_send_heart	[botpy] 心跳维持启动...
2025-01-21 15:44:59,065	[INFO]	(client.py:162)_bot_login	[botpy] 登录机器人账号中...
2025-01-21 15:44:59,337	[INFO]	(robot.py:65)update_access_token	[botpy] access_token expires_in 3366
2025-01-21 15:45:00,033	[INFO]	(client.py:181)_bot_init	[botpy] 程序启动...
2025-01-21 15:45:00,034	[INFO]	(connection.py:60)multi_run	[botpy] 最大并发连接数: 1, 启动会话数: 1
2025-01-21 15:45:00,034	[INFO]	(client.py:242)bot_connect	[botpy] 会话启动中...
2025-01-21 15:45:00,035	[INFO]	(gateway.py:115)ws_connect	[botpy] 启动中...
2025-01-21 15:45:00,308	[INFO]	(gateway.py:142)ws_identify	[botpy] 鉴权中...
2025-01-21 15:45:00,384	[INFO]	(gateway.py:85)on_message	[botpy] 机器人「小板凳智能助手-测试中」启动成功！
2025-01-21 15:45:00,385	[INFO]	(gateway.py:223)_send_heart	[botpy] 心跳维持启动...
2025-01-21 15:46:10,997	[INFO]	(client.py:162)_bot_login	[botpy] 登录机器人账号中...
2025-01-21 15:46:11,173	[INFO]	(robot.py:65)update_access_token	[botpy] access_token expires_in 3294
2025-01-21 15:46:11,926	[INFO]	(client.py:181)_bot_init	[botpy] 程序启动...
2025-01-21 15:46:11,928	[INFO]	(connection.py:60)multi_run	[botpy] 最大并发连接数: 1, 启动会话数: 1
2025-01-21 15:46:11,930	[INFO]	(client.py:242)bot_connect	[botpy] 会话启动中...
2025-01-21 15:46:11,932	[INFO]	(gateway.py:115)ws_connect	[botpy] 启动中...
2025-01-21 15:46:12,258	[INFO]	(gateway.py:142)ws_identify	[botpy] 鉴权中...
2025-01-21 15:46:12,366	[INFO]	(gateway.py:85)on_message	[botpy] 机器人「小板凳智能助手-测试中」启动成功！
2025-01-21 15:46:12,368	[INFO]	(gateway.py:223)_send_heart	[botpy] 心跳维持启动...
2025-01-21 15:48:34,058	[INFO]	(client.py:162)_bot_login	[botpy] 登录机器人账号中...
2025-01-21 15:48:34,357	[INFO]	(robot.py:65)update_access_token	[botpy] access_token expires_in 3151
2025-01-21 15:48:35,255	[INFO]	(client.py:181)_bot_init	[botpy] 程序启动...
2025-01-21 15:48:35,256	[INFO]	(connection.py:60)multi_run	[botpy] 最大并发连接数: 1, 启动会话数: 1
2025-01-21 15:48:35,257	[INFO]	(client.py:242)bot_connect	[botpy] 会话启动中...
2025-01-21 15:48:35,259	[INFO]	(gateway.py:115)ws_connect	[botpy] 启动中...
2025-01-21 15:48:35,495	[INFO]	(gateway.py:142)ws_identify	[botpy] 鉴权中...
2025-01-21 15:48:35,589	[INFO]	(gateway.py:85)on_message	[botpy] 机器人「小板凳智能助手-测试中」启动成功！
2025-01-21 15:48:35,590	[INFO]	(gateway.py:223)_send_heart	[botpy] 心跳维持启动...
2025-01-21 15:53:03,142	[INFO]	(client.py:162)_bot_login	[botpy] 登录机器人账号中...
2025-01-21 15:53:03,496	[INFO]	(robot.py:65)update_access_token	[botpy] access_token expires_in 2882
2025-01-21 15:53:04,220	[INFO]	(client.py:181)_bot_init	[botpy] 程序启动...
2025-01-21 15:53:04,221	[INFO]	(connection.py:60)multi_run	[botpy] 最大并发连接数: 1, 启动会话数: 1
2025-01-21 15:53:04,223	[INFO]	(client.py:242)bot_connect	[botpy] 会话启动中...
2025-01-21 15:53:04,224	[INFO]	(gateway.py:115)ws_connect	[botpy] 启动中...
2025-01-21 15:53:04,431	[INFO]	(gateway.py:142)ws_identify	[botpy] 鉴权中...
2025-01-21 15:53:04,549	[INFO]	(gateway.py:85)on_message	[botpy] 机器人「小板凳智能助手-测试中」启动成功！
2025-01-21 15:53:04,550	[INFO]	(gateway.py:223)_send_heart	[botpy] 心跳维持启动...
2025-01-21 16:18:23,953	[INFO]	(client.py:162)_bot_login	[botpy] 登录机器人账号中...
2025-01-21 16:18:24,416	[INFO]	(robot.py:65)update_access_token	[botpy] access_token expires_in 1361
2025-01-21 16:18:25,005	[INFO]	(client.py:181)_bot_init	[botpy] 程序启动...
2025-01-21 16:18:25,006	[INFO]	(connection.py:60)multi_run	[botpy] 最大并发连接数: 1, 启动会话数: 1
2025-01-21 16:18:25,006	[INFO]	(client.py:242)bot_connect	[botpy] 会话启动中...
2025-01-21 16:18:25,007	[INFO]	(gateway.py:115)ws_connect	[botpy] 启动中...
2025-01-21 16:18:25,165	[INFO]	(gateway.py:142)ws_identify	[botpy] 鉴权中...
2025-01-21 16:18:25,281	[INFO]	(gateway.py:85)on_message	[botpy] 机器人「小板凳智能助手-测试中」启动成功！
2025-01-21 16:18:25,281	[INFO]	(gateway.py:223)_send_heart	[botpy] 心跳维持启动...
2025-01-21 16:19:47,416	[INFO]	(client.py:162)_bot_login	[botpy] 登录机器人账号中...
2025-01-21 16:19:47,595	[INFO]	(robot.py:65)update_access_token	[botpy] access_token expires_in 1278
2025-01-21 16:19:48,168	[INFO]	(client.py:181)_bot_init	[botpy] 程序启动...
2025-01-21 16:19:48,168	[INFO]	(connection.py:60)multi_run	[botpy] 最大并发连接数: 1, 启动会话数: 1
2025-01-21 16:19:48,169	[INFO]	(client.py:242)bot_connect	[botpy] 会话启动中...
2025-01-21 16:19:48,169	[INFO]	(gateway.py:115)ws_connect	[botpy] 启动中...
2025-01-21 16:19:48,393	[INFO]	(gateway.py:142)ws_identify	[botpy] 鉴权中...
2025-01-21 16:19:48,516	[INFO]	(gateway.py:85)on_message	[botpy] 机器人「小板凳智能助手-测试中」启动成功！
2025-01-21 16:19:48,518	[INFO]	(gateway.py:223)_send_heart	[botpy] 心跳维持启动...
2025-01-21 16:21:02,705	[INFO]	(client.py:162)_bot_login	[botpy] 登录机器人账号中...
2025-01-21 16:21:02,935	[INFO]	(robot.py:65)update_access_token	[botpy] access_token expires_in 1203
2025-01-21 16:21:03,451	[INFO]	(client.py:181)_bot_init	[botpy] 程序启动...
2025-01-21 16:21:03,451	[INFO]	(connection.py:60)multi_run	[botpy] 最大并发连接数: 1, 启动会话数: 1
2025-01-21 16:21:03,452	[INFO]	(client.py:242)bot_connect	[botpy] 会话启动中...
2025-01-21 16:21:03,452	[INFO]	(gateway.py:115)ws_connect	[botpy] 启动中...
2025-01-21 16:21:03,618	[INFO]	(gateway.py:142)ws_identify	[botpy] 鉴权中...
2025-01-21 16:21:03,729	[INFO]	(gateway.py:85)on_message	[botpy] 机器人「小板凳智能助手-测试中」启动成功！
2025-01-21 16:21:03,730	[INFO]	(gateway.py:223)_send_heart	[botpy] 心跳维持启动...
2025-01-21 16:21:57,008	[ERROR]	(http.py:76)_handle_response	[botpy] 接口请求异常，请求连接: https://api.sgroup.qq.com/v2/groups/7C54D45EDDE030719971497006C0CA03/messages, 错误代码: 400, 返回内容: {'message': '消息内容违规', 'code': 40034006, 'err_code': 40034006, 'trace_id': '56e194fbe75bee0a3fa9d78eb361195e'}, trace_id:56e194fbe75bee0a3fa9d78eb361195e
2025-01-21 16:21:58,116	[ERROR]	(http.py:76)_handle_response	[botpy] 接口请求异常，请求连接: https://api.sgroup.qq.com/v2/groups/7C54D45EDDE030719971497006C0CA03/messages, 错误代码: 400, 返回内容: {'message': '消息发送失败，消息内容被拦截', 'code': 40054017, 'err_code': 40054017, 'trace_id': '9d4c0c7229ee7325d55d4bec7a8bb4df'}, trace_id:9d4c0c7229ee7325d55d4bec7a8bb4df
2025-01-21 16:22:05,756	[ERROR]	(http.py:76)_handle_response	[botpy] 接口请求异常，请求连接: https://api.sgroup.qq.com/v2/groups/7C54D45EDDE030719971497006C0CA03/messages, 错误代码: 400, 返回内容: {'message': '消息发送失败，消息内容被拦截', 'code': 40054017, 'err_code': 40054017, 'trace_id': '834e8ad1f3af9a65d91a67261d506b21'}, trace_id:834e8ad1f3af9a65d91a67261d506b21
2025-01-21 16:22:08,025	[ERROR]	(http.py:76)_handle_response	[botpy] 接口请求异常，请求连接: https://api.sgroup.qq.com/v2/groups/7C54D45EDDE030719971497006C0CA03/messages, 错误代码: 400, 返回内容: {'message': '消息被去重，请检查请求msgseq', 'code': 40054005, 'err_code': 40054005, 'trace_id': '53d311a8692dc099ededa6857a4f7044'}, trace_id:53d311a8692dc099ededa6857a4f7044
